<?xml version="1.0" encoding="UTF-8"?>
<!-- Generated by org.testng.reporters.JUnitXMLReporter -->
<testsuite hostname="Dantus" name="Default test" tests="2" failures="0" timestamp="19 Jul 2016 04:17:18 GMT" time="0.753" errors="0">
  <testcase name="@BeforeClass beforeClass" time="0.0" classname="testng.AmazonCrossBrowserTest">
    <failure type="org.testng.TestNGException" message="
Parameter &amp;apos;browserType&amp;apos; is required by @Configuration on method beforeClass but has not been marked @Optional or defined
in C:\Users\Manohar\AppData\Local\Temp\testng-eclipse-308419090\testng-customsuite.xml">
      <![CDATA[org.testng.TestNGException: 
Parameter 'browserType' is required by @Configuration on method beforeClass but has not been marked @Optional or defined
in C:\Users\Manohar\AppData\Local\Temp\testng-eclipse-308419090\testng-customsuite.xml
	at org.testng.internal.Parameters.createParameters(Parameters.java:155)
	at org.testng.internal.Parameters.createParameters(Parameters.java:355)
	at org.testng.internal.Parameters.createConfigurationParameters(Parameters.java:86)
	at org.testng.internal.Invoker.invokeConfigurations(Invoker.java:199)
	at org.testng.internal.Invoker.invokeConfigurations(Invoker.java:138)
	at org.testng.internal.TestMethodWorker.invokeBeforeClassMethods(TestMethodWorker.java:175)
	at org.testng.internal.TestMethodWorker.run(TestMethodWorker.java:107)
	at org.testng.TestRunner.privateRun(TestRunner.java:767)
	at org.testng.TestRunner.run(TestRunner.java:617)
	at org.testng.SuiteRunner.runTest(SuiteRunner.java:334)
	at org.testng.SuiteRunner.runSequentially(SuiteRunner.java:329)
	at org.testng.SuiteRunner.privateRun(SuiteRunner.java:291)
	at org.testng.SuiteRunner.run(SuiteRunner.java:240)
	at org.testng.SuiteRunnerWorker.runSuite(SuiteRunnerWorker.java:52)
	at org.testng.SuiteRunnerWorker.run(SuiteRunnerWorker.java:86)
	at org.testng.TestNG.runSuitesSequentially(TestNG.java:1198)
	at org.testng.TestNG.runSuitesLocally(TestNG.java:1123)
	at org.testng.TestNG.run(TestNG.java:1031)
	at org.testng.remote.AbstractRemoteTestNG.run(AbstractRemoteTestNG.java:126)
	at org.testng.remote.RemoteTestNG.initAndRun(RemoteTestNG.java:152)
	at org.testng.remote.RemoteTestNG.main(RemoteTestNG.java:57)
]]>
    </failure>
  </testcase> <!-- @BeforeClass beforeClass -->
  <testcase name="@AfterClass afterClass" time="0.0" classname="testng.AmazonCrossBrowserTest">
    <skipped/>
  </testcase> <!-- @AfterClass afterClass -->
  <testcase name="AmazonHomeAddToCartTestMethod" time="0.006" classname="testng.AmazonCrossBrowserTest">
    <skipped/>
  </testcase> <!-- AmazonHomeAddToCartTestMethod -->
  <testcase name="AmazonHomeAddToCartTestMethod" time="0.003" classname="testng.AmazonCrossBrowserTest">
    <skipped/>
  </testcase> <!-- AmazonHomeAddToCartTestMethod -->
</testsuite> <!-- Default test -->
